<?xml version="1.0" encoding="UTF-8"?>
<!-- Generated by org.testng.reporters.JUnitReportReporter -->
<testsuite hostname="LAPTOP-8HPQ9HJO" failures="0" tests="2" name="Frametest.TestNGclass" time="12.153" errors="0" timestamp="2022-09-28T22:56:14 IST" skipped="0">
  <testcase classname="Frametest.TestNGclass" name="verifyReturnToMessengerButton" time="5.447"/>
  <system-out/>
  <testcase classname="Frametest.TestNGclass" name="verifyContactToHelpCenterButton" time="6.706"/>
  <system-out/>
</testsuite> <!-- Frametest.TestNGclass -->
