<?xml version="1.0" encoding="UTF-8"?>
<!-- Generated by org.testng.reporters.JUnitReportReporter -->
<testsuite hostname="LAPTOP-8HPQ9HJO" failures="0" tests="2" name="Frametest.TestClass2" time="12.565" errors="0" timestamp="2022-09-28T23:09:21 IST" skipped="0">
  <testcase classname="Frametest.TestClass2" name="openFeaturePage" time="9.333"/>
  <system-out/>
  <testcase classname="Frametest.TestClass2" name="openMessengerPage" time="3.232"/>
  <system-out/>
</testsuite> <!-- Frametest.TestClass2 -->
